0 info it worked if it ends with ok
1 verbose cli [ '/usr/bin/node', '/usr/bin/npm', 'install' ]
2 info using npm@1.3.11
3 info using node@v0.10.21
4 verbose node symlink /usr/bin/node
5 warn package.json skionline@0.0.0 No repository field.
6 verbose readDependencies using package.json deps
7 verbose install where, deps [ '/opt/lampp/htdocs/contrexx/themes/skionline',
7 verbose install   [ 'grunt',
7 verbose install     'grunt-contrib-copy',
7 verbose install     'grunt-contrib-concat',
7 verbose install     'grunt-contrib-uglify',
7 verbose install     'grunt-contrib-compass',
7 verbose install     'grunt-contrib-jshint',
7 verbose install     'grunt-contrib-cssmin',
7 verbose install     'grunt-contrib-connect',
7 verbose install     'grunt-contrib-clean',
7 verbose install     'grunt-contrib-htmlmin',
7 verbose install     'grunt-bower-install',
7 verbose install     'grunt-contrib-imagemin',
7 verbose install     'grunt-contrib-watch',
7 verbose install     'grunt-rev',
7 verbose install     'grunt-autoprefixer',
7 verbose install     'grunt-usemin',
7 verbose install     'grunt-mocha',
7 verbose install     'grunt-modernizr',
7 verbose install     'grunt-svgmin',
7 verbose install     'grunt-concurrent',
7 verbose install     'load-grunt-tasks',
7 verbose install     'time-grunt' ] ]
8 info preinstall skionline@0.0.0
9 verbose readDependencies using package.json deps
10 verbose cache add [ 'grunt@~0.4.1', null ]
11 verbose cache add name=undefined spec="grunt@~0.4.1" args=["grunt@~0.4.1",null]
12 verbose parsed url { protocol: null,
12 verbose parsed url   slashes: null,
12 verbose parsed url   auth: null,
12 verbose parsed url   host: null,
12 verbose parsed url   port: null,
12 verbose parsed url   hostname: null,
12 verbose parsed url   hash: null,
12 verbose parsed url   search: null,
12 verbose parsed url   query: null,
12 verbose parsed url   pathname: 'grunt@~0.4.1',
12 verbose parsed url   path: 'grunt@~0.4.1',
12 verbose parsed url   href: 'grunt@~0.4.1' }
13 verbose cache add name="grunt" spec="~0.4.1" args=["grunt","~0.4.1"]
14 verbose parsed url { protocol: null,
14 verbose parsed url   slashes: null,
14 verbose parsed url   auth: null,
14 verbose parsed url   host: null,
14 verbose parsed url   port: null,
14 verbose parsed url   hostname: null,
14 verbose parsed url   hash: null,
14 verbose parsed url   search: null,
14 verbose parsed url   query: null,
14 verbose parsed url   pathname: '~0.4.1',
14 verbose parsed url   path: '~0.4.1',
14 verbose parsed url   href: '~0.4.1' }
15 verbose addNamed [ 'grunt', '~0.4.1' ]
16 verbose addNamed [ null, '>=0.4.1-0 <0.5.0-0' ]
17 verbose cache add [ 'grunt-contrib-copy@~0.4.1', null ]
18 verbose cache add name=undefined spec="grunt-contrib-copy@~0.4.1" args=["grunt-contrib-copy@~0.4.1",null]
19 verbose parsed url { protocol: null,
19 verbose parsed url   slashes: null,
19 verbose parsed url   auth: null,
19 verbose parsed url   host: null,
19 verbose parsed url   port: null,
19 verbose parsed url   hostname: null,
19 verbose parsed url   hash: null,
19 verbose parsed url   search: null,
19 verbose parsed url   query: null,
19 verbose parsed url   pathname: 'grunt-contrib-copy@~0.4.1',
19 verbose parsed url   path: 'grunt-contrib-copy@~0.4.1',
19 verbose parsed url   href: 'grunt-contrib-copy@~0.4.1' }
20 verbose cache add name="grunt-contrib-copy" spec="~0.4.1" args=["grunt-contrib-copy","~0.4.1"]
21 verbose parsed url { protocol: null,
21 verbose parsed url   slashes: null,
21 verbose parsed url   auth: null,
21 verbose parsed url   host: null,
21 verbose parsed url   port: null,
21 verbose parsed url   hostname: null,
21 verbose parsed url   hash: null,
21 verbose parsed url   search: null,
21 verbose parsed url   query: null,
21 verbose parsed url   pathname: '~0.4.1',
21 verbose parsed url   path: '~0.4.1',
21 verbose parsed url   href: '~0.4.1' }
22 verbose addNamed [ 'grunt-contrib-copy', '~0.4.1' ]
23 verbose addNamed [ null, '>=0.4.1-0 <0.5.0-0' ]
24 verbose cache add [ 'grunt-contrib-concat@~0.3.0', null ]
25 verbose cache add name=undefined spec="grunt-contrib-concat@~0.3.0" args=["grunt-contrib-concat@~0.3.0",null]
26 verbose parsed url { protocol: null,
26 verbose parsed url   slashes: null,
26 verbose parsed url   auth: null,
26 verbose parsed url   host: null,
26 verbose parsed url   port: null,
26 verbose parsed url   hostname: null,
26 verbose parsed url   hash: null,
26 verbose parsed url   search: null,
26 verbose parsed url   query: null,
26 verbose parsed url   pathname: 'grunt-contrib-concat@~0.3.0',
26 verbose parsed url   path: 'grunt-contrib-concat@~0.3.0',
26 verbose parsed url   href: 'grunt-contrib-concat@~0.3.0' }
27 verbose cache add name="grunt-contrib-concat" spec="~0.3.0" args=["grunt-contrib-concat","~0.3.0"]
28 verbose parsed url { protocol: null,
28 verbose parsed url   slashes: null,
28 verbose parsed url   auth: null,
28 verbose parsed url   host: null,
28 verbose parsed url   port: null,
28 verbose parsed url   hostname: null,
28 verbose parsed url   hash: null,
28 verbose parsed url   search: null,
28 verbose parsed url   query: null,
28 verbose parsed url   pathname: '~0.3.0',
28 verbose parsed url   path: '~0.3.0',
28 verbose parsed url   href: '~0.3.0' }
29 verbose addNamed [ 'grunt-contrib-concat', '~0.3.0' ]
30 verbose addNamed [ null, '>=0.3.0-0 <0.4.0-0' ]
31 silly lockFile 766a3bd3-grunt-0-4-1 grunt@~0.4.1
32 verbose lock grunt@~0.4.1 /home/seba-1511/.npm/766a3bd3-grunt-0-4-1.lock
33 silly lockFile c84f658a-grunt-contrib-copy-0-4-1 grunt-contrib-copy@~0.4.1
34 verbose lock grunt-contrib-copy@~0.4.1 /home/seba-1511/.npm/c84f658a-grunt-contrib-copy-0-4-1.lock
35 silly lockFile 0e44e68e-grunt-contrib-concat-0-3-0 grunt-contrib-concat@~0.3.0
36 verbose lock grunt-contrib-concat@~0.3.0 /home/seba-1511/.npm/0e44e68e-grunt-contrib-concat-0-3-0.lock
37 verbose cache add [ 'grunt-contrib-compass@~0.5.0', null ]
38 verbose cache add name=undefined spec="grunt-contrib-compass@~0.5.0" args=["grunt-contrib-compass@~0.5.0",null]
39 verbose parsed url { protocol: null,
39 verbose parsed url   slashes: null,
39 verbose parsed url   auth: null,
39 verbose parsed url   host: null,
39 verbose parsed url   port: null,
39 verbose parsed url   hostname: null,
39 verbose parsed url   hash: null,
39 verbose parsed url   search: null,
39 verbose parsed url   query: null,
39 verbose parsed url   pathname: 'grunt-contrib-compass@~0.5.0',
39 verbose parsed url   path: 'grunt-contrib-compass@~0.5.0',
39 verbose parsed url   href: 'grunt-contrib-compass@~0.5.0' }
40 verbose cache add name="grunt-contrib-compass" spec="~0.5.0" args=["grunt-contrib-compass","~0.5.0"]
41 verbose parsed url { protocol: null,
41 verbose parsed url   slashes: null,
41 verbose parsed url   auth: null,
41 verbose parsed url   host: null,
41 verbose parsed url   port: null,
41 verbose parsed url   hostname: null,
41 verbose parsed url   hash: null,
41 verbose parsed url   search: null,
41 verbose parsed url   query: null,
41 verbose parsed url   pathname: '~0.5.0',
41 verbose parsed url   path: '~0.5.0',
41 verbose parsed url   href: '~0.5.0' }
42 verbose addNamed [ 'grunt-contrib-compass', '~0.5.0' ]
43 verbose addNamed [ null, '>=0.5.0-0 <0.6.0-0' ]
44 silly lockFile 5f76fad9-grunt-contrib-compass-0-5-0 grunt-contrib-compass@~0.5.0
45 verbose lock grunt-contrib-compass@~0.5.0 /home/seba-1511/.npm/5f76fad9-grunt-contrib-compass-0-5-0.lock
46 verbose cache add [ 'grunt-contrib-uglify@~0.2.0', null ]
47 verbose cache add name=undefined spec="grunt-contrib-uglify@~0.2.0" args=["grunt-contrib-uglify@~0.2.0",null]
48 verbose parsed url { protocol: null,
48 verbose parsed url   slashes: null,
48 verbose parsed url   auth: null,
48 verbose parsed url   host: null,
48 verbose parsed url   port: null,
48 verbose parsed url   hostname: null,
48 verbose parsed url   hash: null,
48 verbose parsed url   search: null,
48 verbose parsed url   query: null,
48 verbose parsed url   pathname: 'grunt-contrib-uglify@~0.2.0',
48 verbose parsed url   path: 'grunt-contrib-uglify@~0.2.0',
48 verbose parsed url   href: 'grunt-contrib-uglify@~0.2.0' }
49 verbose cache add name="grunt-contrib-uglify" spec="~0.2.0" args=["grunt-contrib-uglify","~0.2.0"]
50 verbose parsed url { protocol: null,
50 verbose parsed url   slashes: null,
50 verbose parsed url   auth: null,
50 verbose parsed url   host: null,
50 verbose parsed url   port: null,
50 verbose parsed url   hostname: null,
50 verbose parsed url   hash: null,
50 verbose parsed url   search: null,
50 verbose parsed url   query: null,
50 verbose parsed url   pathname: '~0.2.0',
50 verbose parsed url   path: '~0.2.0',
50 verbose parsed url   href: '~0.2.0' }
51 verbose addNamed [ 'grunt-contrib-uglify', '~0.2.0' ]
52 verbose addNamed [ null, '>=0.2.0-0 <0.3.0-0' ]
53 silly lockFile 2cc6dac2-grunt-contrib-uglify-0-2-0 grunt-contrib-uglify@~0.2.0
54 verbose lock grunt-contrib-uglify@~0.2.0 /home/seba-1511/.npm/2cc6dac2-grunt-contrib-uglify-0-2-0.lock
55 verbose cache add [ 'grunt-contrib-jshint@~0.6.3', null ]
56 verbose cache add name=undefined spec="grunt-contrib-jshint@~0.6.3" args=["grunt-contrib-jshint@~0.6.3",null]
57 verbose parsed url { protocol: null,
57 verbose parsed url   slashes: null,
57 verbose parsed url   auth: null,
57 verbose parsed url   host: null,
57 verbose parsed url   port: null,
57 verbose parsed url   hostname: null,
57 verbose parsed url   hash: null,
57 verbose parsed url   search: null,
57 verbose parsed url   query: null,
57 verbose parsed url   pathname: 'grunt-contrib-jshint@~0.6.3',
57 verbose parsed url   path: 'grunt-contrib-jshint@~0.6.3',
57 verbose parsed url   href: 'grunt-contrib-jshint@~0.6.3' }
58 verbose cache add name="grunt-contrib-jshint" spec="~0.6.3" args=["grunt-contrib-jshint","~0.6.3"]
59 verbose parsed url { protocol: null,
59 verbose parsed url   slashes: null,
59 verbose parsed url   auth: null,
59 verbose parsed url   host: null,
59 verbose parsed url   port: null,
59 verbose parsed url   hostname: null,
59 verbose parsed url   hash: null,
59 verbose parsed url   search: null,
59 verbose parsed url   query: null,
59 verbose parsed url   pathname: '~0.6.3',
59 verbose parsed url   path: '~0.6.3',
59 verbose parsed url   href: '~0.6.3' }
60 verbose addNamed [ 'grunt-contrib-jshint', '~0.6.3' ]
61 verbose addNamed [ null, '>=0.6.3-0 <0.7.0-0' ]
62 silly lockFile 6f38214b-grunt-contrib-jshint-0-6-3 grunt-contrib-jshint@~0.6.3
63 verbose lock grunt-contrib-jshint@~0.6.3 /home/seba-1511/.npm/6f38214b-grunt-contrib-jshint-0-6-3.lock
64 verbose cache add [ 'grunt-contrib-cssmin@~0.6.0', null ]
65 verbose cache add name=undefined spec="grunt-contrib-cssmin@~0.6.0" args=["grunt-contrib-cssmin@~0.6.0",null]
66 verbose parsed url { protocol: null,
66 verbose parsed url   slashes: null,
66 verbose parsed url   auth: null,
66 verbose parsed url   host: null,
66 verbose parsed url   port: null,
66 verbose parsed url   hostname: null,
66 verbose parsed url   hash: null,
66 verbose parsed url   search: null,
66 verbose parsed url   query: null,
66 verbose parsed url   pathname: 'grunt-contrib-cssmin@~0.6.0',
66 verbose parsed url   path: 'grunt-contrib-cssmin@~0.6.0',
66 verbose parsed url   href: 'grunt-contrib-cssmin@~0.6.0' }
67 verbose cache add name="grunt-contrib-cssmin" spec="~0.6.0" args=["grunt-contrib-cssmin","~0.6.0"]
68 verbose parsed url { protocol: null,
68 verbose parsed url   slashes: null,
68 verbose parsed url   auth: null,
68 verbose parsed url   host: null,
68 verbose parsed url   port: null,
68 verbose parsed url   hostname: null,
68 verbose parsed url   hash: null,
68 verbose parsed url   search: null,
68 verbose parsed url   query: null,
68 verbose parsed url   pathname: '~0.6.0',
68 verbose parsed url   path: '~0.6.0',
68 verbose parsed url   href: '~0.6.0' }
69 verbose addNamed [ 'grunt-contrib-cssmin', '~0.6.0' ]
70 verbose addNamed [ null, '>=0.6.0-0 <0.7.0-0' ]
71 silly lockFile 681ad0ec-grunt-contrib-cssmin-0-6-0 grunt-contrib-cssmin@~0.6.0
72 verbose lock grunt-contrib-cssmin@~0.6.0 /home/seba-1511/.npm/681ad0ec-grunt-contrib-cssmin-0-6-0.lock
73 verbose cache add [ 'grunt-contrib-connect@~0.5.0', null ]
74 verbose cache add name=undefined spec="grunt-contrib-connect@~0.5.0" args=["grunt-contrib-connect@~0.5.0",null]
75 verbose parsed url { protocol: null,
75 verbose parsed url   slashes: null,
75 verbose parsed url   auth: null,
75 verbose parsed url   host: null,
75 verbose parsed url   port: null,
75 verbose parsed url   hostname: null,
75 verbose parsed url   hash: null,
75 verbose parsed url   search: null,
75 verbose parsed url   query: null,
75 verbose parsed url   pathname: 'grunt-contrib-connect@~0.5.0',
75 verbose parsed url   path: 'grunt-contrib-connect@~0.5.0',
75 verbose parsed url   href: 'grunt-contrib-connect@~0.5.0' }
76 verbose cache add name="grunt-contrib-connect" spec="~0.5.0" args=["grunt-contrib-connect","~0.5.0"]
77 verbose parsed url { protocol: null,
77 verbose parsed url   slashes: null,
77 verbose parsed url   auth: null,
77 verbose parsed url   host: null,
77 verbose parsed url   port: null,
77 verbose parsed url   hostname: null,
77 verbose parsed url   hash: null,
77 verbose parsed url   search: null,
77 verbose parsed url   query: null,
77 verbose parsed url   pathname: '~0.5.0',
77 verbose parsed url   path: '~0.5.0',
77 verbose parsed url   href: '~0.5.0' }
78 verbose addNamed [ 'grunt-contrib-connect', '~0.5.0' ]
79 verbose addNamed [ null, '>=0.5.0-0 <0.6.0-0' ]
80 silly lockFile bc7bae3b-grunt-contrib-connect-0-5-0 grunt-contrib-connect@~0.5.0
81 verbose lock grunt-contrib-connect@~0.5.0 /home/seba-1511/.npm/bc7bae3b-grunt-contrib-connect-0-5-0.lock
82 verbose cache add [ 'grunt-contrib-clean@~0.5.0', null ]
83 verbose cache add name=undefined spec="grunt-contrib-clean@~0.5.0" args=["grunt-contrib-clean@~0.5.0",null]
84 verbose parsed url { protocol: null,
84 verbose parsed url   slashes: null,
84 verbose parsed url   auth: null,
84 verbose parsed url   host: null,
84 verbose parsed url   port: null,
84 verbose parsed url   hostname: null,
84 verbose parsed url   hash: null,
84 verbose parsed url   search: null,
84 verbose parsed url   query: null,
84 verbose parsed url   pathname: 'grunt-contrib-clean@~0.5.0',
84 verbose parsed url   path: 'grunt-contrib-clean@~0.5.0',
84 verbose parsed url   href: 'grunt-contrib-clean@~0.5.0' }
85 verbose cache add name="grunt-contrib-clean" spec="~0.5.0" args=["grunt-contrib-clean","~0.5.0"]
86 verbose parsed url { protocol: null,
86 verbose parsed url   slashes: null,
86 verbose parsed url   auth: null,
86 verbose parsed url   host: null,
86 verbose parsed url   port: null,
86 verbose parsed url   hostname: null,
86 verbose parsed url   hash: null,
86 verbose parsed url   search: null,
86 verbose parsed url   query: null,
86 verbose parsed url   pathname: '~0.5.0',
86 verbose parsed url   path: '~0.5.0',
86 verbose parsed url   href: '~0.5.0' }
87 verbose addNamed [ 'grunt-contrib-clean', '~0.5.0' ]
88 verbose addNamed [ null, '>=0.5.0-0 <0.6.0-0' ]
89 silly lockFile 83f743bc-grunt-contrib-clean-0-5-0 grunt-contrib-clean@~0.5.0
90 verbose lock grunt-contrib-clean@~0.5.0 /home/seba-1511/.npm/83f743bc-grunt-contrib-clean-0-5-0.lock
91 verbose cache add [ 'grunt-contrib-htmlmin@~0.1.3', null ]
92 verbose cache add name=undefined spec="grunt-contrib-htmlmin@~0.1.3" args=["grunt-contrib-htmlmin@~0.1.3",null]
93 verbose parsed url { protocol: null,
93 verbose parsed url   slashes: null,
93 verbose parsed url   auth: null,
93 verbose parsed url   host: null,
93 verbose parsed url   port: null,
93 verbose parsed url   hostname: null,
93 verbose parsed url   hash: null,
93 verbose parsed url   search: null,
93 verbose parsed url   query: null,
93 verbose parsed url   pathname: 'grunt-contrib-htmlmin@~0.1.3',
93 verbose parsed url   path: 'grunt-contrib-htmlmin@~0.1.3',
93 verbose parsed url   href: 'grunt-contrib-htmlmin@~0.1.3' }
94 verbose cache add name="grunt-contrib-htmlmin" spec="~0.1.3" args=["grunt-contrib-htmlmin","~0.1.3"]
95 verbose parsed url { protocol: null,
95 verbose parsed url   slashes: null,
95 verbose parsed url   auth: null,
95 verbose parsed url   host: null,
95 verbose parsed url   port: null,
95 verbose parsed url   hostname: null,
95 verbose parsed url   hash: null,
95 verbose parsed url   search: null,
95 verbose parsed url   query: null,
95 verbose parsed url   pathname: '~0.1.3',
95 verbose parsed url   path: '~0.1.3',
95 verbose parsed url   href: '~0.1.3' }
96 verbose addNamed [ 'grunt-contrib-htmlmin', '~0.1.3' ]
97 verbose addNamed [ null, '>=0.1.3-0 <0.2.0-0' ]
98 silly lockFile 2f1223f9-grunt-contrib-htmlmin-0-1-3 grunt-contrib-htmlmin@~0.1.3
99 verbose lock grunt-contrib-htmlmin@~0.1.3 /home/seba-1511/.npm/2f1223f9-grunt-contrib-htmlmin-0-1-3.lock
100 verbose cache add [ 'grunt-bower-install@~0.5.0', null ]
101 verbose cache add name=undefined spec="grunt-bower-install@~0.5.0" args=["grunt-bower-install@~0.5.0",null]
102 verbose parsed url { protocol: null,
102 verbose parsed url   slashes: null,
102 verbose parsed url   auth: null,
102 verbose parsed url   host: null,
102 verbose parsed url   port: null,
102 verbose parsed url   hostname: null,
102 verbose parsed url   hash: null,
102 verbose parsed url   search: null,
102 verbose parsed url   query: null,
102 verbose parsed url   pathname: 'grunt-bower-install@~0.5.0',
102 verbose parsed url   path: 'grunt-bower-install@~0.5.0',
102 verbose parsed url   href: 'grunt-bower-install@~0.5.0' }
103 verbose cache add name="grunt-bower-install" spec="~0.5.0" args=["grunt-bower-install","~0.5.0"]
104 verbose parsed url { protocol: null,
104 verbose parsed url   slashes: null,
104 verbose parsed url   auth: null,
104 verbose parsed url   host: null,
104 verbose parsed url   port: null,
104 verbose parsed url   hostname: null,
104 verbose parsed url   hash: null,
104 verbose parsed url   search: null,
104 verbose parsed url   query: null,
104 verbose parsed url   pathname: '~0.5.0',
104 verbose parsed url   path: '~0.5.0',
104 verbose parsed url   href: '~0.5.0' }
105 verbose addNamed [ 'grunt-bower-install', '~0.5.0' ]
106 verbose addNamed [ null, '>=0.5.0-0 <0.6.0-0' ]
107 silly lockFile 8d804d1a-grunt-bower-install-0-5-0 grunt-bower-install@~0.5.0
108 verbose lock grunt-bower-install@~0.5.0 /home/seba-1511/.npm/8d804d1a-grunt-bower-install-0-5-0.lock
109 verbose cache add [ 'grunt-contrib-imagemin@~0.2.0', null ]
110 verbose cache add name=undefined spec="grunt-contrib-imagemin@~0.2.0" args=["grunt-contrib-imagemin@~0.2.0",null]
111 verbose parsed url { protocol: null,
111 verbose parsed url   slashes: null,
111 verbose parsed url   auth: null,
111 verbose parsed url   host: null,
111 verbose parsed url   port: null,
111 verbose parsed url   hostname: null,
111 verbose parsed url   hash: null,
111 verbose parsed url   search: null,
111 verbose parsed url   query: null,
111 verbose parsed url   pathname: 'grunt-contrib-imagemin@~0.2.0',
111 verbose parsed url   path: 'grunt-contrib-imagemin@~0.2.0',
111 verbose parsed url   href: 'grunt-contrib-imagemin@~0.2.0' }
112 verbose cache add name="grunt-contrib-imagemin" spec="~0.2.0" args=["grunt-contrib-imagemin","~0.2.0"]
113 verbose parsed url { protocol: null,
113 verbose parsed url   slashes: null,
113 verbose parsed url   auth: null,
113 verbose parsed url   host: null,
113 verbose parsed url   port: null,
113 verbose parsed url   hostname: null,
113 verbose parsed url   hash: null,
113 verbose parsed url   search: null,
113 verbose parsed url   query: null,
113 verbose parsed url   pathname: '~0.2.0',
113 verbose parsed url   path: '~0.2.0',
113 verbose parsed url   href: '~0.2.0' }
114 verbose addNamed [ 'grunt-contrib-imagemin', '~0.2.0' ]
115 verbose addNamed [ null, '>=0.2.0-0 <0.3.0-0' ]
116 silly lockFile 65f7368c-grunt-contrib-imagemin-0-2-0 grunt-contrib-imagemin@~0.2.0
117 verbose lock grunt-contrib-imagemin@~0.2.0 /home/seba-1511/.npm/65f7368c-grunt-contrib-imagemin-0-2-0.lock
118 verbose cache add [ 'grunt-contrib-watch@~0.5.2', null ]
119 verbose cache add name=undefined spec="grunt-contrib-watch@~0.5.2" args=["grunt-contrib-watch@~0.5.2",null]
120 verbose parsed url { protocol: null,
120 verbose parsed url   slashes: null,
120 verbose parsed url   auth: null,
120 verbose parsed url   host: null,
120 verbose parsed url   port: null,
120 verbose parsed url   hostname: null,
120 verbose parsed url   hash: null,
120 verbose parsed url   search: null,
120 verbose parsed url   query: null,
120 verbose parsed url   pathname: 'grunt-contrib-watch@~0.5.2',
120 verbose parsed url   path: 'grunt-contrib-watch@~0.5.2',
120 verbose parsed url   href: 'grunt-contrib-watch@~0.5.2' }
121 verbose cache add name="grunt-contrib-watch" spec="~0.5.2" args=["grunt-contrib-watch","~0.5.2"]
122 verbose parsed url { protocol: null,
122 verbose parsed url   slashes: null,
122 verbose parsed url   auth: null,
122 verbose parsed url   host: null,
122 verbose parsed url   port: null,
122 verbose parsed url   hostname: null,
122 verbose parsed url   hash: null,
122 verbose parsed url   search: null,
122 verbose parsed url   query: null,
122 verbose parsed url   pathname: '~0.5.2',
122 verbose parsed url   path: '~0.5.2',
122 verbose parsed url   href: '~0.5.2' }
123 verbose addNamed [ 'grunt-contrib-watch', '~0.5.2' ]
124 verbose addNamed [ null, '>=0.5.2-0 <0.6.0-0' ]
125 silly lockFile a6069a13-grunt-contrib-watch-0-5-2 grunt-contrib-watch@~0.5.2
126 verbose lock grunt-contrib-watch@~0.5.2 /home/seba-1511/.npm/a6069a13-grunt-contrib-watch-0-5-2.lock
127 verbose cache add [ 'grunt-rev@~0.1.0', null ]
128 verbose cache add name=undefined spec="grunt-rev@~0.1.0" args=["grunt-rev@~0.1.0",null]
129 verbose parsed url { protocol: null,
129 verbose parsed url   slashes: null,
129 verbose parsed url   auth: null,
129 verbose parsed url   host: null,
129 verbose parsed url   port: null,
129 verbose parsed url   hostname: null,
129 verbose parsed url   hash: null,
129 verbose parsed url   search: null,
129 verbose parsed url   query: null,
129 verbose parsed url   pathname: 'grunt-rev@~0.1.0',
129 verbose parsed url   path: 'grunt-rev@~0.1.0',
129 verbose parsed url   href: 'grunt-rev@~0.1.0' }
130 verbose cache add name="grunt-rev" spec="~0.1.0" args=["grunt-rev","~0.1.0"]
131 verbose parsed url { protocol: null,
131 verbose parsed url   slashes: null,
131 verbose parsed url   auth: null,
131 verbose parsed url   host: null,
131 verbose parsed url   port: null,
131 verbose parsed url   hostname: null,
131 verbose parsed url   hash: null,
131 verbose parsed url   search: null,
131 verbose parsed url   query: null,
131 verbose parsed url   pathname: '~0.1.0',
131 verbose parsed url   path: '~0.1.0',
131 verbose parsed url   href: '~0.1.0' }
132 verbose addNamed [ 'grunt-rev', '~0.1.0' ]
133 verbose addNamed [ null, '>=0.1.0-0 <0.2.0-0' ]
134 silly lockFile a3a49760-grunt-rev-0-1-0 grunt-rev@~0.1.0
135 verbose lock grunt-rev@~0.1.0 /home/seba-1511/.npm/a3a49760-grunt-rev-0-1-0.lock
136 verbose cache add [ 'grunt-autoprefixer@~0.2.0', null ]
137 verbose cache add name=undefined spec="grunt-autoprefixer@~0.2.0" args=["grunt-autoprefixer@~0.2.0",null]
138 verbose parsed url { protocol: null,
138 verbose parsed url   slashes: null,
138 verbose parsed url   auth: null,
138 verbose parsed url   host: null,
138 verbose parsed url   port: null,
138 verbose parsed url   hostname: null,
138 verbose parsed url   hash: null,
138 verbose parsed url   search: null,
138 verbose parsed url   query: null,
138 verbose parsed url   pathname: 'grunt-autoprefixer@~0.2.0',
138 verbose parsed url   path: 'grunt-autoprefixer@~0.2.0',
138 verbose parsed url   href: 'grunt-autoprefixer@~0.2.0' }
139 verbose cache add name="grunt-autoprefixer" spec="~0.2.0" args=["grunt-autoprefixer","~0.2.0"]
140 verbose parsed url { protocol: null,
140 verbose parsed url   slashes: null,
140 verbose parsed url   auth: null,
140 verbose parsed url   host: null,
140 verbose parsed url   port: null,
140 verbose parsed url   hostname: null,
140 verbose parsed url   hash: null,
140 verbose parsed url   search: null,
140 verbose parsed url   query: null,
140 verbose parsed url   pathname: '~0.2.0',
140 verbose parsed url   path: '~0.2.0',
140 verbose parsed url   href: '~0.2.0' }
141 verbose addNamed [ 'grunt-autoprefixer', '~0.2.0' ]
142 verbose addNamed [ null, '>=0.2.0-0 <0.3.0-0' ]
143 silly lockFile 312b1bea-grunt-autoprefixer-0-2-0 grunt-autoprefixer@~0.2.0
144 verbose lock grunt-autoprefixer@~0.2.0 /home/seba-1511/.npm/312b1bea-grunt-autoprefixer-0-2-0.lock
145 verbose cache add [ 'grunt-usemin@~0.1.10', null ]
146 verbose cache add name=undefined spec="grunt-usemin@~0.1.10" args=["grunt-usemin@~0.1.10",null]
147 verbose parsed url { protocol: null,
147 verbose parsed url   slashes: null,
147 verbose parsed url   auth: null,
147 verbose parsed url   host: null,
147 verbose parsed url   port: null,
147 verbose parsed url   hostname: null,
147 verbose parsed url   hash: null,
147 verbose parsed url   search: null,
147 verbose parsed url   query: null,
147 verbose parsed url   pathname: 'grunt-usemin@~0.1.10',
147 verbose parsed url   path: 'grunt-usemin@~0.1.10',
147 verbose parsed url   href: 'grunt-usemin@~0.1.10' }
148 verbose cache add name="grunt-usemin" spec="~0.1.10" args=["grunt-usemin","~0.1.10"]
149 verbose parsed url { protocol: null,
149 verbose parsed url   slashes: null,
149 verbose parsed url   auth: null,
149 verbose parsed url   host: null,
149 verbose parsed url   port: null,
149 verbose parsed url   hostname: null,
149 verbose parsed url   hash: null,
149 verbose parsed url   search: null,
149 verbose parsed url   query: null,
149 verbose parsed url   pathname: '~0.1.10',
149 verbose parsed url   path: '~0.1.10',
149 verbose parsed url   href: '~0.1.10' }
150 verbose addNamed [ 'grunt-usemin', '~0.1.10' ]
151 verbose addNamed [ null, '>=0.1.10-0 <0.2.0-0' ]
152 silly lockFile 9870b616-grunt-usemin-0-1-10 grunt-usemin@~0.1.10
153 verbose lock grunt-usemin@~0.1.10 /home/seba-1511/.npm/9870b616-grunt-usemin-0-1-10.lock
154 verbose cache add [ 'grunt-mocha@~0.4.0', null ]
155 verbose cache add name=undefined spec="grunt-mocha@~0.4.0" args=["grunt-mocha@~0.4.0",null]
156 verbose parsed url { protocol: null,
156 verbose parsed url   slashes: null,
156 verbose parsed url   auth: null,
156 verbose parsed url   host: null,
156 verbose parsed url   port: null,
156 verbose parsed url   hostname: null,
156 verbose parsed url   hash: null,
156 verbose parsed url   search: null,
156 verbose parsed url   query: null,
156 verbose parsed url   pathname: 'grunt-mocha@~0.4.0',
156 verbose parsed url   path: 'grunt-mocha@~0.4.0',
156 verbose parsed url   href: 'grunt-mocha@~0.4.0' }
157 verbose cache add name="grunt-mocha" spec="~0.4.0" args=["grunt-mocha","~0.4.0"]
158 verbose parsed url { protocol: null,
158 verbose parsed url   slashes: null,
158 verbose parsed url   auth: null,
158 verbose parsed url   host: null,
158 verbose parsed url   port: null,
158 verbose parsed url   hostname: null,
158 verbose parsed url   hash: null,
158 verbose parsed url   search: null,
158 verbose parsed url   query: null,
158 verbose parsed url   pathname: '~0.4.0',
158 verbose parsed url   path: '~0.4.0',
158 verbose parsed url   href: '~0.4.0' }
159 verbose addNamed [ 'grunt-mocha', '~0.4.0' ]
160 verbose addNamed [ null, '>=0.4.0-0 <0.5.0-0' ]
161 silly lockFile 4854fb45-grunt-mocha-0-4-0 grunt-mocha@~0.4.0
162 verbose lock grunt-mocha@~0.4.0 /home/seba-1511/.npm/4854fb45-grunt-mocha-0-4-0.lock
163 verbose cache add [ 'grunt-modernizr@~0.3.0', null ]
164 verbose cache add name=undefined spec="grunt-modernizr@~0.3.0" args=["grunt-modernizr@~0.3.0",null]
165 verbose parsed url { protocol: null,
165 verbose parsed url   slashes: null,
165 verbose parsed url   auth: null,
165 verbose parsed url   host: null,
165 verbose parsed url   port: null,
165 verbose parsed url   hostname: null,
165 verbose parsed url   hash: null,
165 verbose parsed url   search: null,
165 verbose parsed url   query: null,
165 verbose parsed url   pathname: 'grunt-modernizr@~0.3.0',
165 verbose parsed url   path: 'grunt-modernizr@~0.3.0',
165 verbose parsed url   href: 'grunt-modernizr@~0.3.0' }
166 verbose cache add name="grunt-modernizr" spec="~0.3.0" args=["grunt-modernizr","~0.3.0"]
167 verbose parsed url { protocol: null,
167 verbose parsed url   slashes: null,
167 verbose parsed url   auth: null,
167 verbose parsed url   host: null,
167 verbose parsed url   port: null,
167 verbose parsed url   hostname: null,
167 verbose parsed url   hash: null,
167 verbose parsed url   search: null,
167 verbose parsed url   query: null,
167 verbose parsed url   pathname: '~0.3.0',
167 verbose parsed url   path: '~0.3.0',
167 verbose parsed url   href: '~0.3.0' }
168 verbose addNamed [ 'grunt-modernizr', '~0.3.0' ]
169 verbose addNamed [ null, '>=0.3.0-0 <0.4.0-0' ]
170 silly lockFile dc61ec22-grunt-modernizr-0-3-0 grunt-modernizr@~0.3.0
171 verbose lock grunt-modernizr@~0.3.0 /home/seba-1511/.npm/dc61ec22-grunt-modernizr-0-3-0.lock
172 verbose cache add [ 'grunt-svgmin@~0.2.0', null ]
173 verbose cache add name=undefined spec="grunt-svgmin@~0.2.0" args=["grunt-svgmin@~0.2.0",null]
174 verbose parsed url { protocol: null,
174 verbose parsed url   slashes: null,
174 verbose parsed url   auth: null,
174 verbose parsed url   host: null,
174 verbose parsed url   port: null,
174 verbose parsed url   hostname: null,
174 verbose parsed url   hash: null,
174 verbose parsed url   search: null,
174 verbose parsed url   query: null,
174 verbose parsed url   pathname: 'grunt-svgmin@~0.2.0',
174 verbose parsed url   path: 'grunt-svgmin@~0.2.0',
174 verbose parsed url   href: 'grunt-svgmin@~0.2.0' }
175 verbose cache add name="grunt-svgmin" spec="~0.2.0" args=["grunt-svgmin","~0.2.0"]
176 verbose parsed url { protocol: null,
176 verbose parsed url   slashes: null,
176 verbose parsed url   auth: null,
176 verbose parsed url   host: null,
176 verbose parsed url   port: null,
176 verbose parsed url   hostname: null,
176 verbose parsed url   hash: null,
176 verbose parsed url   search: null,
176 verbose parsed url   query: null,
176 verbose parsed url   pathname: '~0.2.0',
176 verbose parsed url   path: '~0.2.0',
176 verbose parsed url   href: '~0.2.0' }
177 verbose addNamed [ 'grunt-svgmin', '~0.2.0' ]
178 verbose addNamed [ null, '>=0.2.0-0 <0.3.0-0' ]
179 silly lockFile fefef466-grunt-svgmin-0-2-0 grunt-svgmin@~0.2.0
180 verbose lock grunt-svgmin@~0.2.0 /home/seba-1511/.npm/fefef466-grunt-svgmin-0-2-0.lock
181 verbose cache add [ 'grunt-concurrent@~0.3.0', null ]
182 verbose cache add name=undefined spec="grunt-concurrent@~0.3.0" args=["grunt-concurrent@~0.3.0",null]
183 verbose parsed url { protocol: null,
183 verbose parsed url   slashes: null,
183 verbose parsed url   auth: null,
183 verbose parsed url   host: null,
183 verbose parsed url   port: null,
183 verbose parsed url   hostname: null,
183 verbose parsed url   hash: null,
183 verbose parsed url   search: null,
183 verbose parsed url   query: null,
183 verbose parsed url   pathname: 'grunt-concurrent@~0.3.0',
183 verbose parsed url   path: 'grunt-concurrent@~0.3.0',
183 verbose parsed url   href: 'grunt-concurrent@~0.3.0' }
184 verbose cache add name="grunt-concurrent" spec="~0.3.0" args=["grunt-concurrent","~0.3.0"]
185 verbose parsed url { protocol: null,
185 verbose parsed url   slashes: null,
185 verbose parsed url   auth: null,
185 verbose parsed url   host: null,
185 verbose parsed url   port: null,
185 verbose parsed url   hostname: null,
185 verbose parsed url   hash: null,
185 verbose parsed url   search: null,
185 verbose parsed url   query: null,
185 verbose parsed url   pathname: '~0.3.0',
185 verbose parsed url   path: '~0.3.0',
185 verbose parsed url   href: '~0.3.0' }
186 verbose addNamed [ 'grunt-concurrent', '~0.3.0' ]
187 verbose addNamed [ null, '>=0.3.0-0 <0.4.0-0' ]
188 silly lockFile 339cc45a-grunt-concurrent-0-3-0 grunt-concurrent@~0.3.0
189 verbose lock grunt-concurrent@~0.3.0 /home/seba-1511/.npm/339cc45a-grunt-concurrent-0-3-0.lock
190 verbose cache add [ 'load-grunt-tasks@~0.1.0', null ]
191 verbose cache add name=undefined spec="load-grunt-tasks@~0.1.0" args=["load-grunt-tasks@~0.1.0",null]
192 verbose parsed url { protocol: null,
192 verbose parsed url   slashes: null,
192 verbose parsed url   auth: null,
192 verbose parsed url   host: null,
192 verbose parsed url   port: null,
192 verbose parsed url   hostname: null,
192 verbose parsed url   hash: null,
192 verbose parsed url   search: null,
192 verbose parsed url   query: null,
192 verbose parsed url   pathname: 'load-grunt-tasks@~0.1.0',
192 verbose parsed url   path: 'load-grunt-tasks@~0.1.0',
192 verbose parsed url   href: 'load-grunt-tasks@~0.1.0' }
193 verbose cache add name="load-grunt-tasks" spec="~0.1.0" args=["load-grunt-tasks","~0.1.0"]
194 verbose parsed url { protocol: null,
194 verbose parsed url   slashes: null,
194 verbose parsed url   auth: null,
194 verbose parsed url   host: null,
194 verbose parsed url   port: null,
194 verbose parsed url   hostname: null,
194 verbose parsed url   hash: null,
194 verbose parsed url   search: null,
194 verbose parsed url   query: null,
194 verbose parsed url   pathname: '~0.1.0',
194 verbose parsed url   path: '~0.1.0',
194 verbose parsed url   href: '~0.1.0' }
195 verbose addNamed [ 'load-grunt-tasks', '~0.1.0' ]
196 verbose addNamed [ null, '>=0.1.0-0 <0.2.0-0' ]
197 silly lockFile b165efd2-load-grunt-tasks-0-1-0 load-grunt-tasks@~0.1.0
198 verbose lock load-grunt-tasks@~0.1.0 /home/seba-1511/.npm/b165efd2-load-grunt-tasks-0-1-0.lock
199 verbose cache add [ 'time-grunt@~0.1.1', null ]
200 verbose cache add name=undefined spec="time-grunt@~0.1.1" args=["time-grunt@~0.1.1",null]
201 verbose parsed url { protocol: null,
201 verbose parsed url   slashes: null,
201 verbose parsed url   auth: null,
201 verbose parsed url   host: null,
201 verbose parsed url   port: null,
201 verbose parsed url   hostname: null,
201 verbose parsed url   hash: null,
201 verbose parsed url   search: null,
201 verbose parsed url   query: null,
201 verbose parsed url   pathname: 'time-grunt@~0.1.1',
201 verbose parsed url   path: 'time-grunt@~0.1.1',
201 verbose parsed url   href: 'time-grunt@~0.1.1' }
202 verbose cache add name="time-grunt" spec="~0.1.1" args=["time-grunt","~0.1.1"]
203 verbose parsed url { protocol: null,
203 verbose parsed url   slashes: null,
203 verbose parsed url   auth: null,
203 verbose parsed url   host: null,
203 verbose parsed url   port: null,
203 verbose parsed url   hostname: null,
203 verbose parsed url   hash: null,
203 verbose parsed url   search: null,
203 verbose parsed url   query: null,
203 verbose parsed url   pathname: '~0.1.1',
203 verbose parsed url   path: '~0.1.1',
203 verbose parsed url   href: '~0.1.1' }
204 verbose addNamed [ 'time-grunt', '~0.1.1' ]
205 verbose addNamed [ null, '>=0.1.1-0 <0.2.0-0' ]
206 silly lockFile e8d3c500-time-grunt-0-1-1 time-grunt@~0.1.1
207 verbose lock time-grunt@~0.1.1 /home/seba-1511/.npm/e8d3c500-time-grunt-0-1-1.lock
208 silly addNameRange { name: 'grunt', range: '>=0.4.1-0 <0.5.0-0', hasData: false }
209 silly addNameRange { name: 'grunt-contrib-copy',
209 silly addNameRange   range: '>=0.4.1-0 <0.5.0-0',
209 silly addNameRange   hasData: false }
210 silly addNameRange { name: 'grunt-contrib-concat',
210 silly addNameRange   range: '>=0.3.0-0 <0.4.0-0',
210 silly addNameRange   hasData: false }
211 silly addNameRange { name: 'grunt-contrib-compass',
211 silly addNameRange   range: '>=0.5.0-0 <0.6.0-0',
211 silly addNameRange   hasData: false }
212 silly addNameRange { name: 'grunt-contrib-uglify',
212 silly addNameRange   range: '>=0.2.0-0 <0.3.0-0',
212 silly addNameRange   hasData: false }
213 silly addNameRange { name: 'grunt-contrib-jshint',
213 silly addNameRange   range: '>=0.6.3-0 <0.7.0-0',
213 silly addNameRange   hasData: false }
214 silly addNameRange { name: 'grunt-contrib-cssmin',
214 silly addNameRange   range: '>=0.6.0-0 <0.7.0-0',
214 silly addNameRange   hasData: false }
215 silly addNameRange { name: 'grunt-contrib-connect',
215 silly addNameRange   range: '>=0.5.0-0 <0.6.0-0',
215 silly addNameRange   hasData: false }
216 silly addNameRange { name: 'grunt-contrib-clean',
216 silly addNameRange   range: '>=0.5.0-0 <0.6.0-0',
216 silly addNameRange   hasData: false }
217 silly addNameRange { name: 'grunt-contrib-htmlmin',
217 silly addNameRange   range: '>=0.1.3-0 <0.2.0-0',
217 silly addNameRange   hasData: false }
218 silly addNameRange { name: 'grunt-bower-install',
218 silly addNameRange   range: '>=0.5.0-0 <0.6.0-0',
218 silly addNameRange   hasData: false }
219 silly addNameRange { name: 'grunt-contrib-imagemin',
219 silly addNameRange   range: '>=0.2.0-0 <0.3.0-0',
219 silly addNameRange   hasData: false }
220 silly addNameRange { name: 'grunt-contrib-watch',
220 silly addNameRange   range: '>=0.5.2-0 <0.6.0-0',
220 silly addNameRange   hasData: false }
221 silly addNameRange { name: 'grunt-rev',
221 silly addNameRange   range: '>=0.1.0-0 <0.2.0-0',
221 silly addNameRange   hasData: false }
222 silly addNameRange { name: 'grunt-autoprefixer',
222 silly addNameRange   range: '>=0.2.0-0 <0.3.0-0',
222 silly addNameRange   hasData: false }
223 silly addNameRange { name: 'grunt-usemin',
223 silly addNameRange   range: '>=0.1.10-0 <0.2.0-0',
223 silly addNameRange   hasData: false }
224 silly addNameRange { name: 'grunt-mocha',
224 silly addNameRange   range: '>=0.4.0-0 <0.5.0-0',
224 silly addNameRange   hasData: false }
225 silly addNameRange { name: 'grunt-modernizr',
225 silly addNameRange   range: '>=0.3.0-0 <0.4.0-0',
225 silly addNameRange   hasData: false }
226 silly addNameRange { name: 'grunt-svgmin',
226 silly addNameRange   range: '>=0.2.0-0 <0.3.0-0',
226 silly addNameRange   hasData: false }
227 silly addNameRange { name: 'grunt-concurrent',
227 silly addNameRange   range: '>=0.3.0-0 <0.4.0-0',
227 silly addNameRange   hasData: false }
228 silly addNameRange { name: 'load-grunt-tasks',
228 silly addNameRange   range: '>=0.1.0-0 <0.2.0-0',
228 silly addNameRange   hasData: false }
229 silly addNameRange { name: 'time-grunt',
229 silly addNameRange   range: '>=0.1.1-0 <0.2.0-0',
229 silly addNameRange   hasData: false }
230 verbose url raw grunt
231 verbose url resolving [ 'https://registry.npmjs.org/', './grunt' ]
232 verbose url resolved https://registry.npmjs.org/grunt
233 info trying registry request attempt 1 at 17:02:28
234 verbose etag "4N29LMTAA1GT2U8E41HHQIGTO"
235 http GET https://registry.npmjs.org/grunt
236 verbose url raw grunt-contrib-copy
237 verbose url resolving [ 'https://registry.npmjs.org/', './grunt-contrib-copy' ]
238 verbose url resolved https://registry.npmjs.org/grunt-contrib-copy
239 info trying registry request attempt 1 at 17:02:28
240 verbose etag "O5TILD718JALFGOGBIA6LAB1"
241 http GET https://registry.npmjs.org/grunt-contrib-copy
242 verbose url raw grunt-contrib-concat
243 verbose url resolving [ 'https://registry.npmjs.org/', './grunt-contrib-concat' ]
244 verbose url resolved https://registry.npmjs.org/grunt-contrib-concat
245 info trying registry request attempt 1 at 17:02:28
246 verbose etag "C47O1YATV81DIGHN0WAP1UHGC"
247 http GET https://registry.npmjs.org/grunt-contrib-concat
248 verbose url raw grunt-contrib-compass
249 verbose url resolving [ 'https://registry.npmjs.org/', './grunt-contrib-compass' ]
250 verbose url resolved https://registry.npmjs.org/grunt-contrib-compass
251 info trying registry request attempt 1 at 17:02:28
252 verbose etag "23FLEMIFRNI8JMSRPVE2JH8AA"
253 http GET https://registry.npmjs.org/grunt-contrib-compass
254 verbose url raw grunt-contrib-uglify
255 verbose url resolving [ 'https://registry.npmjs.org/', './grunt-contrib-uglify' ]
256 verbose url resolved https://registry.npmjs.org/grunt-contrib-uglify
257 info trying registry request attempt 1 at 17:02:28
258 verbose etag "5ZN6ETGRX94MYDZ80RD15X0YK"
259 http GET https://registry.npmjs.org/grunt-contrib-uglify
260 verbose url raw grunt-contrib-jshint
261 verbose url resolving [ 'https://registry.npmjs.org/', './grunt-contrib-jshint' ]
262 verbose url resolved https://registry.npmjs.org/grunt-contrib-jshint
263 info trying registry request attempt 1 at 17:02:28
264 verbose etag "5XV3ZO5LC3RKXKLTI208USJRG"
265 http GET https://registry.npmjs.org/grunt-contrib-jshint
266 verbose url raw grunt-contrib-cssmin
267 verbose url resolving [ 'https://registry.npmjs.org/', './grunt-contrib-cssmin' ]
268 verbose url resolved https://registry.npmjs.org/grunt-contrib-cssmin
269 info trying registry request attempt 1 at 17:02:28
270 verbose etag "4CZM5HRME78Y6ZAQV6ZP9TO5P"
271 http GET https://registry.npmjs.org/grunt-contrib-cssmin
272 verbose url raw grunt-contrib-connect
273 verbose url resolving [ 'https://registry.npmjs.org/', './grunt-contrib-connect' ]
274 verbose url resolved https://registry.npmjs.org/grunt-contrib-connect
275 info trying registry request attempt 1 at 17:02:28
276 verbose etag "50NTEBO70LWH8L4KN7BSMMYRL"
277 http GET https://registry.npmjs.org/grunt-contrib-connect
278 verbose url raw grunt-contrib-clean
279 verbose url resolving [ 'https://registry.npmjs.org/', './grunt-contrib-clean' ]
280 verbose url resolved https://registry.npmjs.org/grunt-contrib-clean
281 info trying registry request attempt 1 at 17:02:28
282 verbose etag "6KUGO55NVR6DEOUSLXDMA057B"
283 http GET https://registry.npmjs.org/grunt-contrib-clean
284 verbose url raw grunt-contrib-htmlmin
285 verbose url resolving [ 'https://registry.npmjs.org/', './grunt-contrib-htmlmin' ]
286 verbose url resolved https://registry.npmjs.org/grunt-contrib-htmlmin
287 info trying registry request attempt 1 at 17:02:28
288 verbose etag "49F7HVK5L47YRE0S92JXER1VR"
289 http GET https://registry.npmjs.org/grunt-contrib-htmlmin
290 verbose url raw grunt-bower-install
291 verbose url resolving [ 'https://registry.npmjs.org/', './grunt-bower-install' ]
292 verbose url resolved https://registry.npmjs.org/grunt-bower-install
293 info trying registry request attempt 1 at 17:02:28
294 verbose etag "CUBHERUG4K9TCM13WNSXVWBBS"
295 http GET https://registry.npmjs.org/grunt-bower-install
296 verbose url raw grunt-contrib-imagemin
297 verbose url resolving [ 'https://registry.npmjs.org/', './grunt-contrib-imagemin' ]
298 verbose url resolved https://registry.npmjs.org/grunt-contrib-imagemin
299 info trying registry request attempt 1 at 17:02:28
300 verbose etag "6C3JXCBM1VPD7F1NIMXTC8RIE"
301 http GET https://registry.npmjs.org/grunt-contrib-imagemin
302 verbose url raw grunt-rev
303 verbose url resolving [ 'https://registry.npmjs.org/', './grunt-rev' ]
304 verbose url resolved https://registry.npmjs.org/grunt-rev
305 info trying registry request attempt 1 at 17:02:28
306 verbose etag "EXTI0HNZMLRFMTUL8QV2WOYIT"
307 http GET https://registry.npmjs.org/grunt-rev
308 verbose url raw grunt-autoprefixer
309 verbose url resolving [ 'https://registry.npmjs.org/', './grunt-autoprefixer' ]
310 verbose url resolved https://registry.npmjs.org/grunt-autoprefixer
311 info trying registry request attempt 1 at 17:02:28
312 verbose etag "9G8S4NENAZMED4FWHY9AWGR1C"
313 http GET https://registry.npmjs.org/grunt-autoprefixer
314 verbose url raw grunt-contrib-watch
315 verbose url resolving [ 'https://registry.npmjs.org/', './grunt-contrib-watch' ]
316 verbose url resolved https://registry.npmjs.org/grunt-contrib-watch
317 info trying registry request attempt 1 at 17:02:28
318 verbose etag "C9G2A6DJPJRUYBELVL0Y4E595"
319 http GET https://registry.npmjs.org/grunt-contrib-watch
320 verbose url raw grunt-usemin
321 verbose url resolving [ 'https://registry.npmjs.org/', './grunt-usemin' ]
322 verbose url resolved https://registry.npmjs.org/grunt-usemin
323 info trying registry request attempt 1 at 17:02:28
324 verbose etag "8BELXMWK6M49K4FOABCZ94ZXQ"
325 http GET https://registry.npmjs.org/grunt-usemin
326 verbose url raw grunt-mocha
327 verbose url resolving [ 'https://registry.npmjs.org/', './grunt-mocha' ]
328 verbose url resolved https://registry.npmjs.org/grunt-mocha
329 info trying registry request attempt 1 at 17:02:28
330 verbose etag "41W3ALATVMHCVUPOZE0ISNG6R"
331 http GET https://registry.npmjs.org/grunt-mocha
332 verbose url raw grunt-modernizr
333 verbose url resolving [ 'https://registry.npmjs.org/', './grunt-modernizr' ]
334 verbose url resolved https://registry.npmjs.org/grunt-modernizr
335 info trying registry request attempt 1 at 17:02:28
336 verbose etag "GITUG8LO794WD4HDJ947HUZK"
337 http GET https://registry.npmjs.org/grunt-modernizr
338 verbose url raw grunt-svgmin
339 verbose url resolving [ 'https://registry.npmjs.org/', './grunt-svgmin' ]
340 verbose url resolved https://registry.npmjs.org/grunt-svgmin
341 info trying registry request attempt 1 at 17:02:28
342 verbose etag "2SKG05VUY124UYLQWH4OEPMLB"
343 http GET https://registry.npmjs.org/grunt-svgmin
344 verbose url raw grunt-concurrent
345 verbose url resolving [ 'https://registry.npmjs.org/', './grunt-concurrent' ]
346 verbose url resolved https://registry.npmjs.org/grunt-concurrent
347 info trying registry request attempt 1 at 17:02:28
348 verbose etag "14PLWKBR647ILLL6HVHAHSFLX"
349 http GET https://registry.npmjs.org/grunt-concurrent
350 verbose url raw load-grunt-tasks
351 verbose url resolving [ 'https://registry.npmjs.org/', './load-grunt-tasks' ]
352 verbose url resolved https://registry.npmjs.org/load-grunt-tasks
353 info trying registry request attempt 1 at 17:02:28
354 verbose etag "127NEHHRS8CN1X22I7Q1W6MD3"
355 http GET https://registry.npmjs.org/load-grunt-tasks
356 verbose url raw time-grunt
357 verbose url resolving [ 'https://registry.npmjs.org/', './time-grunt' ]
358 verbose url resolved https://registry.npmjs.org/time-grunt
359 info trying registry request attempt 1 at 17:02:28
360 verbose etag "87JYOZDBZK4D0LE847HLIYKI1"
361 http GET https://registry.npmjs.org/time-grunt
362 http 304 https://registry.npmjs.org/grunt-contrib-copy
363 silly registry.get cb [ 304,
363 silly registry.get   { server: 'CouchDB/1.3.1 (Erlang OTP/R15B03)',
363 silly registry.get     etag: '"O5TILD718JALFGOGBIA6LAB1"',
363 silly registry.get     date: 'Thu, 07 Nov 2013 16:02:29 GMT',
363 silly registry.get     'content-length': '0' } ]
364 verbose etag grunt-contrib-copy from cache
365 http 304 https://registry.npmjs.org/grunt-contrib-compass
366 silly registry.get cb [ 304,
366 silly registry.get   { server: 'CouchDB/1.3.1 (Erlang OTP/R15B03)',
366 silly registry.get     etag: '"23FLEMIFRNI8JMSRPVE2JH8AA"',
366 silly registry.get     date: 'Thu, 07 Nov 2013 16:02:29 GMT',
366 silly registry.get     'content-length': '0' } ]
367 verbose etag grunt-contrib-compass from cache
368 silly addNameRange number 2 { name: 'grunt-contrib-copy',
368 silly addNameRange   range: '>=0.4.1-0 <0.5.0-0',
368 silly addNameRange   hasData: true }
369 silly addNameRange versions [ 'grunt-contrib-copy',
369 silly addNameRange   [ '0.2.0',
369 silly addNameRange     '0.2.1',
369 silly addNameRange     '0.2.2',
369 silly addNameRange     '0.2.3',
369 silly addNameRange     '0.2.4',
369 silly addNameRange     '0.3.0',
369 silly addNameRange     '0.3.1',
369 silly addNameRange     '0.3.2',
369 silly addNameRange     '0.4.0',
369 silly addNameRange     '0.4.1',
369 silly addNameRange     '0.4.0-rc7' ] ]
370 verbose addNamed [ 'grunt-contrib-copy', '0.4.1' ]
371 verbose addNamed [ '0.4.1', '0.4.1' ]
372 silly lockFile 4dbab511-grunt-contrib-copy-0-4-1 grunt-contrib-copy@0.4.1
373 verbose lock grunt-contrib-copy@0.4.1 /home/seba-1511/.npm/4dbab511-grunt-contrib-copy-0-4-1.lock
374 http 304 https://registry.npmjs.org/grunt-contrib-uglify
375 silly registry.get cb [ 304,
375 silly registry.get   { server: 'CouchDB/1.3.1 (Erlang OTP/R15B03)',
375 silly registry.get     etag: '"5ZN6ETGRX94MYDZ80RD15X0YK"',
375 silly registry.get     date: 'Thu, 07 Nov 2013 16:02:29 GMT',
375 silly registry.get     'content-length': '0' } ]
376 verbose etag grunt-contrib-uglify from cache
377 http 304 https://registry.npmjs.org/grunt
378 silly registry.get cb [ 304,
378 silly registry.get   { server: 'CouchDB/1.3.1 (Erlang OTP/R15B03)',
378 silly registry.get     etag: '"4N29LMTAA1GT2U8E41HHQIGTO"',
378 silly registry.get     date: 'Thu, 07 Nov 2013 16:02:29 GMT',
378 silly registry.get     'content-length': '0' } ]
379 verbose etag grunt from cache
380 http 304 https://registry.npmjs.org/grunt-contrib-concat
381 silly registry.get cb [ 304,
381 silly registry.get   { server: 'CouchDB/1.3.1 (Erlang OTP/R15B03)',
381 silly registry.get     etag: '"C47O1YATV81DIGHN0WAP1UHGC"',
381 silly registry.get     date: 'Thu, 07 Nov 2013 16:02:29 GMT',
381 silly registry.get     'content-length': '0' } ]
382 verbose etag grunt-contrib-concat from cache
383 silly addNameRange number 2 { name: 'grunt-contrib-compass',
383 silly addNameRange   range: '>=0.5.0-0 <0.6.0-0',
383 silly addNameRange   hasData: true }
384 silly addNameRange versions [ 'grunt-contrib-compass',
384 silly addNameRange   [ '0.1.0',
384 silly addNameRange     '0.1.1',
384 silly addNameRange     '0.1.2',
384 silly addNameRange     '0.1.3',
384 silly addNameRange     '0.2.0',
384 silly addNameRange     '0.3.0',
384 silly addNameRange     '0.4.0',
384 silly addNameRange     '0.4.1',
384 silly addNameRange     '0.5.0',
384 silly addNameRange     '0.6.0',
384 silly addNameRange     '0.1.1-rc7',
384 silly addNameRange     '0.1.1-rc8' ] ]
385 verbose addNamed [ 'grunt-contrib-compass', '0.5.0' ]
386 verbose addNamed [ '0.5.0', '0.5.0' ]
387 silly lockFile b13cf9fb-grunt-contrib-compass-0-5-0 grunt-contrib-compass@0.5.0
388 verbose lock grunt-contrib-compass@0.5.0 /home/seba-1511/.npm/b13cf9fb-grunt-contrib-compass-0-5-0.lock
389 silly addNameRange number 2 { name: 'grunt-contrib-uglify',
389 silly addNameRange   range: '>=0.2.0-0 <0.3.0-0',
389 silly addNameRange   hasData: true }
390 silly addNameRange versions [ 'grunt-contrib-uglify',
390 silly addNameRange   [ '0.1.0',
390 silly addNameRange     '0.1.1',
390 silly addNameRange     '0.1.2',
390 silly addNameRange     '0.2.0',
390 silly addNameRange     '0.2.1',
390 silly addNameRange     '0.2.2',
390 silly addNameRange     '0.2.3',
390 silly addNameRange     '0.2.4',
390 silly addNameRange     '0.2.5',
390 silly addNameRange     '0.1.1-rc5',
390 silly addNameRange     '0.1.1-rc6' ] ]
391 verbose addNamed [ 'grunt-contrib-uglify', '0.2.5' ]
392 verbose addNamed [ '0.2.5', '0.2.5' ]
393 silly lockFile 7c35dbf6-grunt-contrib-uglify-0-2-5 grunt-contrib-uglify@0.2.5
394 verbose lock grunt-contrib-uglify@0.2.5 /home/seba-1511/.npm/7c35dbf6-grunt-contrib-uglify-0-2-5.lock
395 silly addNameRange number 2 { name: 'grunt', range: '>=0.4.1-0 <0.5.0-0', hasData: true }
396 silly addNameRange versions [ 'grunt',
396 silly addNameRange   [ '0.1.0',
396 silly addNameRange     '0.1.1',
396 silly addNameRange     '0.1.2',
396 silly addNameRange     '0.2.0',
396 silly addNameRange     '0.2.1',
396 silly addNameRange     '0.2.2',
396 silly addNameRange     '0.2.3',
396 silly addNameRange     '0.2.4',
396 silly addNameRange     '0.2.5',
396 silly addNameRange     '0.2.6',
396 silly addNameRange     '0.2.7',
396 silly addNameRange     '0.2.8',
396 silly addNameRange     '0.2.9',
396 silly addNameRange     '0.2.10',
396 silly addNameRange     '0.2.11',
396 silly addNameRange     '0.2.12',
396 silly addNameRange     '0.2.13',
396 silly addNameRange     '0.2.14',
396 silly addNameRange     '0.2.15',
396 silly addNameRange     '0.3.0',
396 silly addNameRange     '0.3.1',
396 silly addNameRange     '0.3.2',
396 silly addNameRange     '0.3.3',
396 silly addNameRange     '0.3.4',
396 silly addNameRange     '0.3.5',
396 silly addNameRange     '0.3.6',
396 silly addNameRange     '0.3.7',
396 silly addNameRange     '0.3.8',
396 silly addNameRange     '0.3.9',
396 silly addNameRange     '0.3.10',
396 silly addNameRange     '0.3.11',
396 silly addNameRange     '0.3.12',
396 silly addNameRange     '0.3.13',
396 silly addNameRange     '0.3.14',
396 silly addNameRange     '0.3.15',
396 silly addNameRange     '0.3.16',
396 silly addNameRange     '0.3.17',
396 silly addNameRange     '0.4.0',
396 silly addNameRange     '0.4.1',
396 silly addNameRange     '0.3.13-a',
396 silly addNameRange     '0.4.0-a',
396 silly addNameRange     '0.4.0-rc1',
396 silly addNameRange     '0.4.0-rc2',
396 silly addNameRange     '0.4.0-rc3',
396 silly addNameRange     '0.4.0-rc4',
396 silly addNameRange     '0.4.0-rc5',
396 silly addNameRange     '0.4.0-rc6',
396 silly addNameRange     '0.4.0-rc7',
396 silly addNameRange     '0.4.0-rc8' ] ]
397 verbose addNamed [ 'grunt', '0.4.1' ]
398 verbose addNamed [ '0.4.1', '0.4.1' ]
399 silly lockFile f9e87dfe-grunt-0-4-1 grunt@0.4.1
400 verbose lock grunt@0.4.1 /home/seba-1511/.npm/f9e87dfe-grunt-0-4-1.lock
401 silly addNameRange number 2 { name: 'grunt-contrib-concat',
401 silly addNameRange   range: '>=0.3.0-0 <0.4.0-0',
401 silly addNameRange   hasData: true }
402 silly addNameRange versions [ 'grunt-contrib-concat',
402 silly addNameRange   [ '0.1.0',
402 silly addNameRange     '0.1.1',
402 silly addNameRange     '0.1.2',
402 silly addNameRange     '0.1.3',
402 silly addNameRange     '0.2.0',
402 silly addNameRange     '0.3.0',
402 silly addNameRange     '0.1.2-rc5',
402 silly addNameRange     '0.1.2-rc6' ] ]
403 verbose addNamed [ 'grunt-contrib-concat', '0.3.0' ]
404 verbose addNamed [ '0.3.0', '0.3.0' ]
405 silly lockFile 11d10dc6-grunt-contrib-concat-0-3-0 grunt-contrib-concat@0.3.0
406 verbose lock grunt-contrib-concat@0.3.0 /home/seba-1511/.npm/11d10dc6-grunt-contrib-concat-0-3-0.lock
407 silly lockFile 4dbab511-grunt-contrib-copy-0-4-1 grunt-contrib-copy@0.4.1
408 silly lockFile 4dbab511-grunt-contrib-copy-0-4-1 grunt-contrib-copy@0.4.1
409 silly lockFile c84f658a-grunt-contrib-copy-0-4-1 grunt-contrib-copy@~0.4.1
410 silly lockFile c84f658a-grunt-contrib-copy-0-4-1 grunt-contrib-copy@~0.4.1
411 silly lockFile b13cf9fb-grunt-contrib-compass-0-5-0 grunt-contrib-compass@0.5.0
412 silly lockFile b13cf9fb-grunt-contrib-compass-0-5-0 grunt-contrib-compass@0.5.0
413 silly lockFile 5f76fad9-grunt-contrib-compass-0-5-0 grunt-contrib-compass@~0.5.0
414 silly lockFile 5f76fad9-grunt-contrib-compass-0-5-0 grunt-contrib-compass@~0.5.0
415 silly lockFile 7c35dbf6-grunt-contrib-uglify-0-2-5 grunt-contrib-uglify@0.2.5
416 silly lockFile 7c35dbf6-grunt-contrib-uglify-0-2-5 grunt-contrib-uglify@0.2.5
417 silly lockFile 2cc6dac2-grunt-contrib-uglify-0-2-0 grunt-contrib-uglify@~0.2.0
418 silly lockFile 2cc6dac2-grunt-contrib-uglify-0-2-0 grunt-contrib-uglify@~0.2.0
419 silly lockFile f9e87dfe-grunt-0-4-1 grunt@0.4.1
420 silly lockFile f9e87dfe-grunt-0-4-1 grunt@0.4.1
421 silly lockFile 766a3bd3-grunt-0-4-1 grunt@~0.4.1
422 silly lockFile 766a3bd3-grunt-0-4-1 grunt@~0.4.1
423 silly lockFile 11d10dc6-grunt-contrib-concat-0-3-0 grunt-contrib-concat@0.3.0
424 silly lockFile 11d10dc6-grunt-contrib-concat-0-3-0 grunt-contrib-concat@0.3.0
425 silly lockFile 0e44e68e-grunt-contrib-concat-0-3-0 grunt-contrib-concat@~0.3.0
426 silly lockFile 0e44e68e-grunt-contrib-concat-0-3-0 grunt-contrib-concat@~0.3.0
427 http 304 https://registry.npmjs.org/grunt-contrib-jshint
428 silly registry.get cb [ 304,
428 silly registry.get   { server: 'CouchDB/1.3.1 (Erlang OTP/R15B03)',
428 silly registry.get     etag: '"5XV3ZO5LC3RKXKLTI208USJRG"',
428 silly registry.get     date: 'Thu, 07 Nov 2013 16:02:29 GMT',
428 silly registry.get     'content-length': '0' } ]
429 verbose etag grunt-contrib-jshint from cache
430 http 304 https://registry.npmjs.org/grunt-contrib-cssmin
431 silly registry.get cb [ 304,
431 silly registry.get   { server: 'CouchDB/1.3.1 (Erlang OTP/R15B03)',
431 silly registry.get     etag: '"4CZM5HRME78Y6ZAQV6ZP9TO5P"',
431 silly registry.get     date: 'Thu, 07 Nov 2013 16:02:29 GMT',
431 silly registry.get     'content-length': '0' } ]
432 verbose etag grunt-contrib-cssmin from cache
433 http 304 https://registry.npmjs.org/grunt-contrib-connect
434 silly registry.get cb [ 304,
434 silly registry.get   { server: 'CouchDB/1.3.1 (Erlang OTP/R15B03)',
434 silly registry.get     etag: '"50NTEBO70LWH8L4KN7BSMMYRL"',
434 silly registry.get     date: 'Thu, 07 Nov 2013 16:02:29 GMT',
434 silly registry.get     'content-length': '0' } ]
435 verbose etag grunt-contrib-connect from cache
436 http 304 https://registry.npmjs.org/grunt-contrib-clean
437 silly registry.get cb [ 304,
437 silly registry.get   { server: 'CouchDB/1.3.1 (Erlang OTP/R15B03)',
437 silly registry.get     etag: '"6KUGO55NVR6DEOUSLXDMA057B"',
437 silly registry.get     date: 'Thu, 07 Nov 2013 16:02:29 GMT',
437 silly registry.get     'content-length': '0' } ]
438 verbose etag grunt-contrib-clean from cache
439 http 304 https://registry.npmjs.org/grunt-contrib-htmlmin
440 silly registry.get cb [ 304,
440 silly registry.get   { server: 'CouchDB/1.3.1 (Erlang OTP/R15B03)',
440 silly registry.get     etag: '"49F7HVK5L47YRE0S92JXER1VR"',
440 silly registry.get     date: 'Thu, 07 Nov 2013 16:02:29 GMT',
440 silly registry.get     'content-length': '0' } ]
441 verbose etag grunt-contrib-htmlmin from cache
442 silly addNameRange number 2 { name: 'grunt-contrib-jshint',
442 silly addNameRange   range: '>=0.6.3-0 <0.7.0-0',
442 silly addNameRange   hasData: true }
443 silly addNameRange versions [ 'grunt-contrib-jshint',
443 silly addNameRange   [ '0.1.0',
443 silly addNameRange     '0.1.1',
443 silly addNameRange     '0.2.0',
443 silly addNameRange     '0.3.0',
443 silly addNameRange     '0.4.0',
443 silly addNameRange     '0.4.1',
443 silly addNameRange     '0.4.2',
443 silly addNameRange     '0.4.3',
443 silly addNameRange     '0.5.0',
443 silly addNameRange     '0.5.1',
443 silly addNameRange     '0.5.2',
443 silly addNameRange     '0.5.3',
443 silly addNameRange     '0.5.4',
443 silly addNameRange     '0.6.0',
443 silly addNameRange     '0.6.1',
443 silly addNameRange     '0.6.2',
443 silly addNameRange     '0.6.3',
443 silly addNameRange     '0.6.4',
443 silly addNameRange     '0.6.5',
443 silly addNameRange     '0.7.0',
443 silly addNameRange     '0.7.1',
443 silly addNameRange     '0.1.1-rc5',
443 silly addNameRange     '0.1.1-rc6' ] ]
444 verbose addNamed [ 'grunt-contrib-jshint', '0.6.5' ]
445 verbose addNamed [ '0.6.5', '0.6.5' ]
446 silly lockFile d0b3f61f-grunt-contrib-jshint-0-6-5 grunt-contrib-jshint@0.6.5
447 verbose lock grunt-contrib-jshint@0.6.5 /home/seba-1511/.npm/d0b3f61f-grunt-contrib-jshint-0-6-5.lock
448 silly addNameRange number 2 { name: 'grunt-contrib-cssmin',
448 silly addNameRange   range: '>=0.6.0-0 <0.7.0-0',
448 silly addNameRange   hasData: true }
449 silly addNameRange versions [ 'grunt-contrib-cssmin',
449 silly addNameRange   [ '0.4.0',
449 silly addNameRange     '0.4.1',
449 silly addNameRange     '0.4.2',
449 silly addNameRange     '0.5.0',
449 silly addNameRange     '0.6.0',
449 silly addNameRange     '0.6.1',
449 silly addNameRange     '0.6.2',
449 silly addNameRange     '0.7.0' ] ]
450 verbose addNamed [ 'grunt-contrib-cssmin', '0.6.2' ]
451 verbose addNamed [ '0.6.2', '0.6.2' ]
452 silly lockFile 5585f5d7-grunt-contrib-cssmin-0-6-2 grunt-contrib-cssmin@0.6.2
453 verbose lock grunt-contrib-cssmin@0.6.2 /home/seba-1511/.npm/5585f5d7-grunt-contrib-cssmin-0-6-2.lock
454 silly addNameRange number 2 { name: 'grunt-contrib-connect',
454 silly addNameRange   range: '>=0.5.0-0 <0.6.0-0',
454 silly addNameRange   hasData: true }
455 silly addNameRange versions [ 'grunt-contrib-connect',
455 silly addNameRange   [ '0.1.0',
455 silly addNameRange     '0.1.1',
455 silly addNameRange     '0.1.2',
455 silly addNameRange     '0.2.0',
455 silly addNameRange     '0.3.0',
455 silly addNameRange     '0.4.0',
455 silly addNameRange     '0.4.1',
455 silly addNameRange     '0.4.2',
455 silly addNameRange     '0.5.0',
455 silly addNameRange     '0.1.1-rc6' ] ]
456 verbose addNamed [ 'grunt-contrib-connect', '0.5.0' ]
457 verbose addNamed [ '0.5.0', '0.5.0' ]
458 silly lockFile 524c2b14-grunt-contrib-connect-0-5-0 grunt-contrib-connect@0.5.0
459 verbose lock grunt-contrib-connect@0.5.0 /home/seba-1511/.npm/524c2b14-grunt-contrib-connect-0-5-0.lock
460 silly addNameRange number 2 { name: 'grunt-contrib-clean',
460 silly addNameRange   range: '>=0.5.0-0 <0.6.0-0',
460 silly addNameRange   hasData: true }
461 silly addNameRange versions [ 'grunt-contrib-clean',
461 silly addNameRange   [ '0.1.0',
461 silly addNameRange     '0.2.0',
461 silly addNameRange     '0.3.0',
461 silly addNameRange     '0.3.1',
461 silly addNameRange     '0.3.2',
461 silly addNameRange     '0.4.0',
461 silly addNameRange     '0.4.1',
461 silly addNameRange     '0.5.0',
461 silly addNameRange     '0.4.0-a',
461 silly addNameRange     '0.4.0-rc5',
461 silly addNameRange     '0.4.0-rc6' ] ]
462 verbose addNamed [ 'grunt-contrib-clean', '0.5.0' ]
463 verbose addNamed [ '0.5.0', '0.5.0' ]
464 silly lockFile 9e0b1814-grunt-contrib-clean-0-5-0 grunt-contrib-clean@0.5.0
465 verbose lock grunt-contrib-clean@0.5.0 /home/seba-1511/.npm/9e0b1814-grunt-contrib-clean-0-5-0.lock
466 silly addNameRange number 2 { name: 'grunt-contrib-htmlmin',
466 silly addNameRange   range: '>=0.1.3-0 <0.2.0-0',
466 silly addNameRange   hasData: true }
467 silly addNameRange versions [ 'grunt-contrib-htmlmin',
467 silly addNameRange   [ '0.1.0', '0.1.1', '0.1.2', '0.1.3', '0.1.1-rc7' ] ]
468 verbose addNamed [ 'grunt-contrib-htmlmin', '0.1.3' ]
469 verbose addNamed [ '0.1.3', '0.1.3' ]
470 silly lockFile 613772ee-grunt-contrib-htmlmin-0-1-3 grunt-contrib-htmlmin@0.1.3
471 verbose lock grunt-contrib-htmlmin@0.1.3 /home/seba-1511/.npm/613772ee-grunt-contrib-htmlmin-0-1-3.lock
472 silly lockFile d0b3f61f-grunt-contrib-jshint-0-6-5 grunt-contrib-jshint@0.6.5
473 silly lockFile d0b3f61f-grunt-contrib-jshint-0-6-5 grunt-contrib-jshint@0.6.5
474 silly lockFile 6f38214b-grunt-contrib-jshint-0-6-3 grunt-contrib-jshint@~0.6.3
475 silly lockFile 6f38214b-grunt-contrib-jshint-0-6-3 grunt-contrib-jshint@~0.6.3
476 silly lockFile 5585f5d7-grunt-contrib-cssmin-0-6-2 grunt-contrib-cssmin@0.6.2
477 silly lockFile 5585f5d7-grunt-contrib-cssmin-0-6-2 grunt-contrib-cssmin@0.6.2
478 silly lockFile 613772ee-grunt-contrib-htmlmin-0-1-3 grunt-contrib-htmlmin@0.1.3
479 silly lockFile 613772ee-grunt-contrib-htmlmin-0-1-3 grunt-contrib-htmlmin@0.1.3
480 silly lockFile 681ad0ec-grunt-contrib-cssmin-0-6-0 grunt-contrib-cssmin@~0.6.0
481 silly lockFile 681ad0ec-grunt-contrib-cssmin-0-6-0 grunt-contrib-cssmin@~0.6.0
482 silly lockFile 524c2b14-grunt-contrib-connect-0-5-0 grunt-contrib-connect@0.5.0
483 silly lockFile 524c2b14-grunt-contrib-connect-0-5-0 grunt-contrib-connect@0.5.0
484 silly lockFile 2f1223f9-grunt-contrib-htmlmin-0-1-3 grunt-contrib-htmlmin@~0.1.3
485 silly lockFile 2f1223f9-grunt-contrib-htmlmin-0-1-3 grunt-contrib-htmlmin@~0.1.3
486 silly lockFile bc7bae3b-grunt-contrib-connect-0-5-0 grunt-contrib-connect@~0.5.0
487 silly lockFile bc7bae3b-grunt-contrib-connect-0-5-0 grunt-contrib-connect@~0.5.0
488 silly lockFile 9e0b1814-grunt-contrib-clean-0-5-0 grunt-contrib-clean@0.5.0
489 silly lockFile 9e0b1814-grunt-contrib-clean-0-5-0 grunt-contrib-clean@0.5.0
490 silly lockFile 83f743bc-grunt-contrib-clean-0-5-0 grunt-contrib-clean@~0.5.0
491 silly lockFile 83f743bc-grunt-contrib-clean-0-5-0 grunt-contrib-clean@~0.5.0
492 http 304 https://registry.npmjs.org/grunt-bower-install
493 silly registry.get cb [ 304,
493 silly registry.get   { server: 'CouchDB/1.3.1 (Erlang OTP/R15B03)',
493 silly registry.get     etag: '"CUBHERUG4K9TCM13WNSXVWBBS"',
493 silly registry.get     date: 'Thu, 07 Nov 2013 16:02:29 GMT',
493 silly registry.get     'content-length': '0' } ]
494 verbose etag grunt-bower-install from cache
495 silly addNameRange number 2 { name: 'grunt-bower-install',
495 silly addNameRange   range: '>=0.5.0-0 <0.6.0-0',
495 silly addNameRange   hasData: true }
496 silly addNameRange versions [ 'grunt-bower-install',
496 silly addNameRange   [ '0.1.0',
496 silly addNameRange     '0.1.1',
496 silly addNameRange     '0.1.2',
496 silly addNameRange     '0.1.3',
496 silly addNameRange     '0.1.4',
496 silly addNameRange     '0.1.5',
496 silly addNameRange     '0.1.6',
496 silly addNameRange     '0.2.0',
496 silly addNameRange     '0.2.1',
496 silly addNameRange     '0.3.0',
496 silly addNameRange     '0.4.0',
496 silly addNameRange     '0.5.0',
496 silly addNameRange     '0.5.1',
496 silly addNameRange     '0.5.2',
496 silly addNameRange     '0.6.0',
496 silly addNameRange     '0.6.1' ] ]
497 verbose addNamed [ 'grunt-bower-install', '0.5.2' ]
498 verbose addNamed [ '0.5.2', '0.5.2' ]
499 silly lockFile 8f96d771-grunt-bower-install-0-5-2 grunt-bower-install@0.5.2
500 verbose lock grunt-bower-install@0.5.2 /home/seba-1511/.npm/8f96d771-grunt-bower-install-0-5-2.lock
501 http 304 https://registry.npmjs.org/grunt-contrib-imagemin
502 silly registry.get cb [ 304,
502 silly registry.get   { server: 'CouchDB/1.3.1 (Erlang OTP/R15B03)',
502 silly registry.get     etag: '"6C3JXCBM1VPD7F1NIMXTC8RIE"',
502 silly registry.get     date: 'Thu, 07 Nov 2013 16:02:29 GMT',
502 silly registry.get     'content-length': '0' } ]
503 verbose etag grunt-contrib-imagemin from cache
504 silly lockFile e81ceedd-ll-grunt-bower-install-0-5-2-tgz https://registry.npmjs.org/grunt-bower-install/-/grunt-bower-install-0.5.2.tgz
505 verbose lock https://registry.npmjs.org/grunt-bower-install/-/grunt-bower-install-0.5.2.tgz /home/seba-1511/.npm/e81ceedd-ll-grunt-bower-install-0-5-2-tgz.lock
506 verbose addRemoteTarball [ 'https://registry.npmjs.org/grunt-bower-install/-/grunt-bower-install-0.5.2.tgz',
506 verbose addRemoteTarball   '0ffcc13baaf4f1cd79f23f396ad21ec0bb79c958' ]
507 silly lockFile e81ceedd-ll-grunt-bower-install-0-5-2-tgz https://registry.npmjs.org/grunt-bower-install/-/grunt-bower-install-0.5.2.tgz
508 silly lockFile e81ceedd-ll-grunt-bower-install-0-5-2-tgz https://registry.npmjs.org/grunt-bower-install/-/grunt-bower-install-0.5.2.tgz
509 silly addNameRange number 2 { name: 'grunt-contrib-imagemin',
509 silly addNameRange   range: '>=0.2.0-0 <0.3.0-0',
509 silly addNameRange   hasData: true }
510 silly addNameRange versions [ 'grunt-contrib-imagemin',
510 silly addNameRange   [ '0.1.0',
510 silly addNameRange     '0.1.1',
510 silly addNameRange     '0.1.2',
510 silly addNameRange     '0.1.3',
510 silly addNameRange     '0.1.4',
510 silly addNameRange     '0.1.1-rc7',
510 silly addNameRange     '0.1.1-rc8',
510 silly addNameRange     '0.2.0',
510 silly addNameRange     '0.2.1',
510 silly addNameRange     '0.3.0' ] ]
511 verbose addNamed [ 'grunt-contrib-imagemin', '0.2.1' ]
512 verbose addNamed [ '0.2.1', '0.2.1' ]
513 silly lockFile c4800b2c-grunt-contrib-imagemin-0-2-1 grunt-contrib-imagemin@0.2.1
514 verbose lock grunt-contrib-imagemin@0.2.1 /home/seba-1511/.npm/c4800b2c-grunt-contrib-imagemin-0-2-1.lock
515 silly lockFile 8f96d771-grunt-bower-install-0-5-2 grunt-bower-install@0.5.2
516 silly lockFile 8f96d771-grunt-bower-install-0-5-2 grunt-bower-install@0.5.2
517 silly lockFile 8d804d1a-grunt-bower-install-0-5-0 grunt-bower-install@~0.5.0
518 silly lockFile 8d804d1a-grunt-bower-install-0-5-0 grunt-bower-install@~0.5.0
519 error Error: EACCES, mkdir '/home/seba-1511/tmp/npm-32383-yJ_8UfVA'
519 error  { [Error: EACCES, mkdir '/home/seba-1511/tmp/npm-32383-yJ_8UfVA']
519 error   errno: 3,
519 error   code: 'EACCES',
519 error   path: '/home/seba-1511/tmp/npm-32383-yJ_8UfVA' }
520 error Please try running this command again as root/Administrator.
521 error System Linux 3.5.2-030502-generic
522 error command "/usr/bin/node" "/usr/bin/npm" "install"
523 error cwd /opt/lampp/htdocs/contrexx/themes/skionline
524 error node -v v0.10.21
525 error npm -v 1.3.11
526 error path /home/seba-1511/tmp/npm-32383-yJ_8UfVA
527 error code EACCES
528 error errno 3
529 error stack Error: EACCES, mkdir '/home/seba-1511/tmp/npm-32383-yJ_8UfVA'
530 verbose exit [ 3, true ]
